<?xml version="1.0" encoding="UTF-8"?>
<!-- Generated by org.testng.reporters.JUnitReportReporter -->
<testsuite hostname="LAPTOP-QFRLE6NF" failures="0" tests="1" name="flipkartproject_pkg1.verify_menspage" time="19.802" errors="0" timestamp="2024-08-23T17:12:09 AST" skipped="0">
  <testcase classname="flipkartproject_pkg1.verify_menspage" name="firstproduct_menspage" time="19.802"/>
</testsuite> <!-- flipkartproject_pkg1.verify_menspage -->
